gradleBuild/outputs/logs/manifest-merger-debug-report.txt
-- Merging decision tree log ---
manifest
ADDED from code/Detector/AndroidManifest.xml:18:1-49:12
MERGED from [org.tensorflow:tensorflow-android:1.12.0] AndroidManifest.xml:2:1-8:12
	package
		ADDED from code/Detector/AndroidManifest.xml:19:5-40
	xmlns:android
		ADDED from code/Detector/AndroidManifest.xml:18:11-69
uses-permission#android.permission.CAMERA
ADDED from code/Detector/AndroidManifest.xml:21:5-65
	android:name
		ADDED from code/Detector/AndroidManifest.xml:21:22-62
uses-feature#android.hardware.camera
ADDED from code/Detector/AndroidManifest.xml:22:5-60
	android:name
		ADDED from code/Detector/AndroidManifest.xml:22:19-57
uses-feature#android.hardware.camera.autofocus
ADDED from code/Detector/AndroidManifest.xml:23:5-70
	android:name
		ADDED from code/Detector/AndroidManifest.xml:23:19-67
uses-permission#android.permission.WRITE_EXTERNAL_STORAGE
ADDED from code/Detector/AndroidManifest.xml:24:5-80
	android:name
		ADDED from code/Detector/AndroidManifest.xml:24:22-78
uses-permission#android.permission.RECORD_AUDIO
ADDED from code/Detector/AndroidManifest.xml:25:5-71
	android:name
		ADDED from code/Detector/AndroidManifest.xml:25:22-68
uses-sdk
ADDED from code/Detector/AndroidManifest.xml:27:5-29:41
	android:targetSdkVersion
		ADDED from code/Detector/AndroidManifest.xml:29:9-38
	android:minSdkVersion
		ADDED from code/Detector/AndroidManifest.xml:28:9-35
application
ADDED from code/Detector/AndroidManifest.xml:31:5-47:19
MERGED from [org.tensorflow:tensorflow-android:1.12.0] AndroidManifest.xml:5:5-6:19
MERGED from [org.tensorflow:tensorflow-android:1.12.0] AndroidManifest.xml:5:5-6:19
	android:label
		ADDED from code/Detector/AndroidManifest.xml:33:9-41
	android:debuggable
		ADDED from code/Detector/AndroidManifest.xml:32:9-34
	android:icon
		ADDED from code/Detector/AndroidManifest.xml:34:9-45
	android:allowBackup
		ADDED from code/Detector/AndroidManifest.xml:31:18-44
	android:theme
		ADDED from code/Detector/AndroidManifest.xml:35:9-45
activity#edu.unir.detector_plantas.DetectorActivity
ADDED from code/Detector/AndroidManifest.xml:37:9-45:20
	android:screenOrientation
		ADDED from code/Detector/AndroidManifest.xml:38:19-55
	android:label
		ADDED from code/Detector/AndroidManifest.xml:39:19-66
	android:name
		ADDED from code/Detector/AndroidManifest.xml:37:19-76
intent-filter#android.intent.action.MAIN+android.intent.category.LAUNCHER+android.intent.category.LEANBACK_LAUNCHER
ADDED from code/Detector/AndroidManifest.xml:40:13-44:29
action#android.intent.action.MAIN
ADDED from code/Detector/AndroidManifest.xml:41:17-69
	android:name
		ADDED from code/Detector/AndroidManifest.xml:41:25-66
category#android.intent.category.LAUNCHER
ADDED from code/Detector/AndroidManifest.xml:42:17-77
	android:name
		ADDED from code/Detector/AndroidManifest.xml:42:27-74
category#android.intent.category.LEANBACK_LAUNCHER
ADDED from code/Detector/AndroidManifest.xml:43:17-86
	android:name
		ADDED from code/Detector/AndroidManifest.xml:43:27-83
uses-permission#android.permission.READ_PHONE_STATE
IMPLIED from code/Detector/AndroidManifest.xml:18:1-49:12 reason: tensorflow.contrib.android has a targetSdkVersion < 4
uses-permission#android.permission.READ_EXTERNAL_STORAGE
IMPLIED from code/Detector/AndroidManifest.xml:18:1-49:12 reason: tensorflow.contrib.android requested WRITE_EXTERNAL_STORAGE